0 info it worked if it ends with ok
1 verbose cli [ '/home/marcus.costa/.nvm/v0.10.35/bin/node',
1 verbose cli   '/home/marcus.costa/.nvm/v0.10.35/bin/npm',
1 verbose cli   'install',
1 verbose cli   'body-parse',
1 verbose cli   '--save' ]
2 info using npm@1.4.28
3 info using node@v0.10.35
4 warn package.json push-notification-aws-sns@1.0.0 No description
5 verbose readDependencies using package.json deps
6 verbose cache add [ 'body-parse', null ]
7 verbose cache add name=undefined spec="body-parse" args=["body-parse",null]
8 verbose parsed url { protocol: null,
8 verbose parsed url   slashes: null,
8 verbose parsed url   auth: null,
8 verbose parsed url   host: null,
8 verbose parsed url   port: null,
8 verbose parsed url   hostname: null,
8 verbose parsed url   hash: null,
8 verbose parsed url   search: null,
8 verbose parsed url   query: null,
8 verbose parsed url   pathname: 'body-parse',
8 verbose parsed url   path: 'body-parse',
8 verbose parsed url   href: 'body-parse' }
9 silly lockFile 0c0fa7c3-body-parse body-parse
10 verbose lock body-parse /home/marcus.costa/.npm/0c0fa7c3-body-parse.lock
11 silly lockFile 0c0fa7c3-body-parse body-parse
12 silly lockFile 0c0fa7c3-body-parse body-parse
13 verbose addNamed [ 'body-parse', '' ]
14 verbose addNamed [ null, '*' ]
15 silly lockFile de7bf0d8-body-parse body-parse@
16 verbose lock body-parse@ /home/marcus.costa/.npm/de7bf0d8-body-parse.lock
17 silly addNameRange { name: 'body-parse', range: '*', hasData: false }
18 verbose request where is /body-parse
19 verbose request registry https://registry.npmjs.org/
20 verbose request id d41c5bbb0e8a4cf6
21 verbose url raw /body-parse
22 verbose url resolving [ 'https://registry.npmjs.org/', './body-parse' ]
23 verbose url resolved https://registry.npmjs.org/body-parse
24 verbose request where is https://registry.npmjs.org/body-parse
25 info trying registry request attempt 1 at 11:14:52
26 http GET https://registry.npmjs.org/body-parse
27 http 404 https://registry.npmjs.org/body-parse
28 silly registry.get cb [ 404,
28 silly registry.get   { 'content-type': 'application/json',
28 silly registry.get     'cache-control': 'max-age=0',
28 silly registry.get     'content-length': '2',
28 silly registry.get     'accept-ranges': 'bytes',
28 silly registry.get     date: 'Thu, 24 Sep 2015 14:14:53 GMT',
28 silly registry.get     via: '1.1 varnish',
28 silly registry.get     age: '0',
28 silly registry.get     connection: 'keep-alive',
28 silly registry.get     'x-served-by': 'cache-lax1421-LAX',
28 silly registry.get     'x-cache': 'MISS',
28 silly registry.get     'x-cache-hits': '0',
28 silly registry.get     'x-timer': 'S1443104093.063428,VS0,VE49' } ]
29 silly lockFile de7bf0d8-body-parse body-parse@
30 silly lockFile de7bf0d8-body-parse body-parse@
31 error 404 Not Found
31 error 404
31 error 404 'body-parse' is not in the npm registry.
31 error 404 You should bug the author to publish it
31 error 404 It was specified as a dependency of 'push-notification-aws-sns'
31 error 404
31 error 404 Note that you can also install from a
31 error 404 tarball, folder, or http url, or git url.
32 error System Linux 3.16.0-39-generic
33 error command "/home/marcus.costa/.nvm/v0.10.35/bin/node" "/home/marcus.costa/.nvm/v0.10.35/bin/npm" "install" "body-parse" "--save"
34 error cwd /home/marcus.costa/workspace/push-notification-aws-sns
35 error node -v v0.10.35
36 error npm -v 1.4.28
37 error code E404
38 verbose exit [ 1, true ]
